c:\users\xavie\source\repos\testnfc\libnfc151\x64\debug\vc142.pdb
c:\users\xavie\source\repos\testnfc\libnfc151\x64\debug\vc142.idb
c:\users\xavie\source\repos\testnfc\libnfc151\x64\debug\nfc.obj
c:\users\xavie\source\repos\testnfc\libnfc151\x64\debug\nfc-internal.obj
c:\users\xavie\source\repos\testnfc\libnfc151\x64\debug\nfc-emulation.obj
c:\users\xavie\source\repos\testnfc\libnfc151\x64\debug\nfc-device.obj
c:\users\xavie\source\repos\testnfc\libnfc151\x64\debug\mirror-subr.obj
c:\users\xavie\source\repos\testnfc\libnfc151\x64\debug\log.obj
c:\users\xavie\source\repos\testnfc\libnfc151\x64\debug\iso14443-subr.obj
c:\users\xavie\source\repos\testnfc\libnfc151\x64\debug\pn53x_usb.obj
c:\users\xavie\source\repos\testnfc\libnfc151\x64\debug\acr122.obj
c:\users\xavie\source\repos\testnfc\libnfc151\x64\debug\pn53x.obj
c:\users\xavie\source\repos\testnfc\x64\debug\libnfc151.ilk
c:\users\xavie\source\repos\testnfc\x64\debug\libnfc151.dll
c:\users\xavie\source\repos\testnfc\x64\debug\libnfc151.pdb
c:\users\xavie\source\repos\testnfc\libnfc151\x64\debug\libnfc151.tlog\cl.command.1.tlog
c:\users\xavie\source\repos\testnfc\libnfc151\x64\debug\libnfc151.tlog\cl.read.1.tlog
c:\users\xavie\source\repos\testnfc\libnfc151\x64\debug\libnfc151.tlog\cl.write.1.tlog
c:\users\xavie\source\repos\testnfc\libnfc151\x64\debug\libnfc151.tlog\link.command.1.tlog
c:\users\xavie\source\repos\testnfc\libnfc151\x64\debug\libnfc151.tlog\link.read.1.tlog
c:\users\xavie\source\repos\testnfc\libnfc151\x64\debug\libnfc151.tlog\link.write.1.tlog
