LINK : warning LNK4075: ' /INCREMENTAL' ignoré à cause de la spécification '/FORCE'
     Création de la bibliothèque C:\Users\xavie\source\repos\testnfc\x64\Debug\mfoc.lib et de l'objet C:\Users\xavie\source\repos\testnfc\x64\Debug\mfoc.exp
LINK : warning LNK4217: le symbole 'nfc_init' défini dans 'nfc.obj' est importé par 'mfoc.obj' dans la fonction 'mf_init'
LINK : warning LNK4217: le symbole 'nfc_exit' défini dans 'nfc.obj' est importé par 'mfoc.obj' dans la fonction 'get_rats_is_2k'
LINK : warning LNK4217: le symbole 'nfc_open' défini dans 'nfc.obj' est importé par 'mfoc.obj' dans la fonction 'mf_init'
LINK : warning LNK4217: le symbole 'nfc_close' défini dans 'nfc.obj' est importé par 'mfoc.obj' dans la fonction 'get_rats_is_2k'
LINK : warning LNK4217: le symbole 'nfc_initiator_init' défini dans 'nfc.obj' est importé par 'mfoc.obj' dans la fonction 'main'
LINK : warning LNK4217: le symbole 'nfc_initiator_select_passive_target' défini dans 'nfc.obj' est importé par 'mfoc.obj' dans la fonction 'get_rats_is_2k'
LINK : warning LNK4217: le symbole 'nfc_initiator_transceive_bytes' défini dans 'nfc.obj' est importé par 'mfoc.obj' dans la fonction 'get_rats_is_2k'
LINK : warning LNK4217: le symbole 'nfc_initiator_transceive_bits' défini dans 'nfc.obj' est importé par 'mfoc.obj' dans la fonction 'mf_enhanced_auth'
LINK : warning LNK4217: le symbole 'nfc_perror' défini dans 'nfc.obj' est importé par 'mfoc.obj' dans la fonction 'get_rats_is_2k'
LINK : warning LNK4217: le symbole 'nfc_device_set_property_bool' défini dans 'nfc.obj' est importé par 'mfoc.obj' dans la fonction 'get_rats_is_2k'
LINK : warning LNK4217: le symbole 'iso14443a_crc_append' défini dans 'iso14443-subr.obj' est importé par 'mfoc.obj' dans la fonction 'mf_enhanced_auth'
cmdhfmfhard.obj : error LNK2019: symbole externe non résolu PrintAndLog référencé dans la fonction add_bitflip_candidates
cmdhfmfhard.obj : error LNK2019: symbole externe non résolu prepare_bf_test_nonces référencé dans la fonction mfnestedhard
cmdhfmfhard.obj : error LNK2019: symbole externe non résolu brute_force_bs référencé dans la fonction brute_force
cmdhfmfhard.obj : error LNK2019: symbole externe non résolu brute_force_benchmark référencé dans la fonction mfnestedhard
cmdhfmfhard.obj : error LNK2019: symbole externe non résolu trailing_zeros référencé dans la fonction all_bitflips_match
cmdhfmfhard.obj : error LNK2019: symbole externe non résolu GetSIMDInstrAuto référencé dans la fonction get_SIMD_instruction_set
cmdhfmfhard.obj : error LNK2019: symbole externe non résolu malloc_bitarray référencé dans la fonction add_matching_states
cmdhfmfhard.obj : error LNK2019: symbole externe non résolu free_bitarray référencé dans la fonction add_matching_states
cmdhfmfhard.obj : error LNK2019: symbole externe non résolu bitarray_AND référencé dans la fonction update_sum_bitarrays
cmdhfmfhard.obj : error LNK2019: symbole externe non résolu count_bitarray_AND référencé dans la fonction apply_sum_a0
cmdhfmfhard.obj : error LNK2019: symbole externe non résolu count_bitarray_low20_AND référencé dans la fonction update_allbitflips_array
cmdhfmfhard.obj : error LNK2019: symbole externe non résolu bitarray_AND4 référencé dans la fonction add_matching_states
cmdhfmfhard.obj : error LNK2019: symbole externe non résolu bitarray_OR référencé dans la fonction init_sum_bitarrays
cmdhfmfhard.obj : error LNK2019: symbole externe non résolu count_bitarray_AND2 référencé dans la fonction update_sum_bitarrays
cmdhfmfhard.obj : error LNK2019: symbole externe non résolu count_bitarray_AND3 référencé dans la fonction estimated_num_states_part_sum
cmdhfmfhard.obj : error LNK2019: symbole externe non résolu count_bitarray_AND4 référencé dans la fonction estimated_num_states_part_sum
cmdhfmfhard.obj : error LNK2019: symbole externe non résolu get_bitflip référencé dans la fonction check_for_BitFlipProperties_thread
cmdhfmfhard.obj : error LNK2019: symbole externe non résolu num_CPUs référencé dans la fonction print_progress_header
cmdhfmfhard.obj : error LNK2019: symbole externe non résolu lzma_init_inflate référencé dans la fonction check_for_BitFlipProperties_thread
mfoc.obj : error LNK2019: symbole externe non résolu nfc_initiator_mifare_cmd référencé dans la fonction main
mfoc.obj : error LNK2019: symbole externe non résolu oddparity référencé dans la fonction mf_enhanced_auth
mfoc.obj : error LNK2019: symbole externe non résolu print_hex référencé dans la fonction main
mfoc.obj : error LNK2019: symbole externe non résolu print_nfc_target référencé dans la fonction main
C:\Users\xavie\source\repos\testnfc\x64\Debug\mfoc.exe : fatal error LNK1120: 23 externes non résolus
