c:\users\xavie\source\repos\testnfc\mfoc\x64\debug\vc142.pdb
c:\users\xavie\source\repos\testnfc\mfoc\x64\debug\vc142.idb
c:\users\xavie\source\repos\testnfc\mfoc\x64\debug\slre.obj
c:\users\xavie\source\repos\testnfc\mfoc\x64\debug\parity.obj
c:\users\xavie\source\repos\testnfc\mfoc\x64\debug\nfc-utils.obj
c:\users\xavie\source\repos\testnfc\mfoc\x64\debug\mifare.obj
c:\users\xavie\source\repos\testnfc\mfoc\x64\debug\crypto1.obj
c:\users\xavie\source\repos\testnfc\mfoc\x64\debug\crapto1.obj
c:\users\xavie\source\repos\testnfc\mfoc\x64\debug\tables.obj
c:\users\xavie\source\repos\testnfc\mfoc\x64\debug\hardnested_bruteforce.obj
c:\users\xavie\source\repos\testnfc\mfoc\x64\debug\mfoc.obj
c:\users\xavie\source\repos\testnfc\mfoc\x64\debug\ui.obj
c:\users\xavie\source\repos\testnfc\mfoc\x64\debug\hardnested_bitarray_core.obj
c:\users\xavie\source\repos\testnfc\mfoc\x64\debug\cmdhfmfhard.obj
c:\users\xavie\source\repos\testnfc\mfoc\x64\debug\util.obj
c:\users\xavie\source\repos\testnfc\mfoc\x64\debug\hardnested_bf_core.obj
c:\users\xavie\source\repos\testnfc\mfoc\x64\debug\xgetopt.obj
c:\users\xavie\source\repos\testnfc\x64\debug\mfoc.pdb
c:\users\xavie\source\repos\testnfc\mfoc\x64\debug\mfoc.tlog\cl.command.1.tlog
c:\users\xavie\source\repos\testnfc\mfoc\x64\debug\mfoc.tlog\cl.read.1.tlog
c:\users\xavie\source\repos\testnfc\mfoc\x64\debug\mfoc.tlog\cl.write.1.tlog
c:\users\xavie\source\repos\testnfc\mfoc\x64\debug\mfoc.tlog\link-cvtres.read.1.tlog
c:\users\xavie\source\repos\testnfc\mfoc\x64\debug\mfoc.tlog\link-cvtres.write.1.tlog
c:\users\xavie\source\repos\testnfc\mfoc\x64\debug\mfoc.tlog\link-rc.read.1.tlog
c:\users\xavie\source\repos\testnfc\mfoc\x64\debug\mfoc.tlog\link-rc.write.1.tlog
c:\users\xavie\source\repos\testnfc\mfoc\x64\debug\mfoc.tlog\link.command.1.tlog
c:\users\xavie\source\repos\testnfc\mfoc\x64\debug\mfoc.tlog\link.read.1.tlog
c:\users\xavie\source\repos\testnfc\mfoc\x64\debug\mfoc.tlog\link.write.1.tlog
